android/app/build/intermediates/manifest_merge_blame_file/release/manifest-merger-blame-release-report.txt
1<?xml version="1.0" encoding="utf-8"?>
2<manifest xmlns:android="http://schemas.android.com/apk/res/android"
3    package="com.firstclocktimer"
4    android:versionCode="1"
5    android:versionName="1.0" >
6
7    <uses-sdk
8        android:minSdkVersion="21"
8-->src\main\AndroidManifest.xml
9        android:targetSdkVersion="29" />
9-->src\main\AndroidManifest.xml
10
11    <uses-permission android:name="android.permission.INTERNET" />
11-->src\main\AndroidManifest.xml:4:5-67
11-->src\main\AndroidManifest.xml:4:22-64
12    <uses-permission android:name="android.permission.VIBRATE" />
12-->src\main\AndroidManifest.xml:5:5-66
12-->src\main\AndroidManifest.xml:5:22-63
13    <uses-permission android:name="android.permission.CAMERA" />
13-->[:react-native-camera] AndroidManifest.xml:9:5-65
13-->[:react-native-camera] AndroidManifest.xml:9:22-62
14
15    <uses-feature
15-->[:react-native-camera] AndroidManifest.xml:11:5-13:36
16        android:name="android.hardware.camera"
16-->[:react-native-camera] AndroidManifest.xml:12:9-47
17        android:required="false" />
17-->[:react-native-camera] AndroidManifest.xml:13:9-33
18    <uses-feature
18-->[:react-native-camera] AndroidManifest.xml:14:5-16:36
19        android:name="android.hardware.camera.autofocus"
19-->[:react-native-camera] AndroidManifest.xml:15:9-57
20        android:required="false" />
20-->[:react-native-camera] AndroidManifest.xml:16:9-33
21
22    <application
22-->src\main\AndroidManifest.xml:7:5-25:19
23        android:name="com.firstclocktimer.MainApplication"
23-->src\main\AndroidManifest.xml:8:7-38
24        android:allowBackup="false"
24-->src\main\AndroidManifest.xml:12:7-34
25        android:appComponentFactory="androidx.core.app.CoreComponentFactory"
25-->[androidx.core:core:1.1.0] AndroidManifest.xml:24:18-86
26        android:icon="@mipmap/ic_launcher"
26-->src\main\AndroidManifest.xml:10:7-41
27        android:label="@string/app_name"
27-->src\main\AndroidManifest.xml:9:7-39
28        android:roundIcon="@mipmap/ic_launcher_round"
28-->src\main\AndroidManifest.xml:11:7-52
29        android:theme="@style/AppTheme" >
29-->src\main\AndroidManifest.xml:13:7-38
30        <activity
30-->src\main\AndroidManifest.xml:14:7-24:18
31            android:name="com.firstclocktimer.MainActivity"
31-->src\main\AndroidManifest.xml:15:9-37
32            android:configChanges="keyboard|keyboardHidden|orientation|screenSize|uiMode"
32-->src\main\AndroidManifest.xml:17:9-86
33            android:label="@string/app_name"
33-->src\main\AndroidManifest.xml:16:9-41
34            android:launchMode="singleTask"
34-->src\main\AndroidManifest.xml:18:9-40
35            android:windowSoftInputMode="adjustResize" >
35-->src\main\AndroidManifest.xml:19:9-51
36            <intent-filter>
36-->src\main\AndroidManifest.xml:20:9-23:25
37                <action android:name="android.intent.action.MAIN" />
37-->src\main\AndroidManifest.xml:21:13-65
37-->src\main\AndroidManifest.xml:21:21-62
38
39                <category android:name="android.intent.category.LAUNCHER" />
39-->src\main\AndroidManifest.xml:22:13-73
39-->src\main\AndroidManifest.xml:22:23-70
40            </intent-filter>
41        </activity>
42        <activity
42-->[com.google.android.gms:play-services-base:16.0.1] AndroidManifest.xml:23:9-26:75
43            android:name="com.google.android.gms.common.api.GoogleApiActivity"
43-->[com.google.android.gms:play-services-base:16.0.1] AndroidManifest.xml:24:13-79
44            android:exported="false"
44-->[com.google.android.gms:play-services-base:16.0.1] AndroidManifest.xml:25:13-37
45            android:theme="@android:style/Theme.Translucent.NoTitleBar" />
45-->[com.google.android.gms:play-services-base:16.0.1] AndroidManifest.xml:26:13-72
46
47        <meta-data
47-->[com.google.android.gms:play-services-basement:16.1.0] AndroidManifest.xml:23:9-25:69
48            android:name="com.google.android.gms.version"
48-->[com.google.android.gms:play-services-basement:16.1.0] AndroidManifest.xml:24:13-58
49            android:value="@integer/google_play_services_version" />
49-->[com.google.android.gms:play-services-basement:16.1.0] AndroidManifest.xml:25:13-66
50    </application>
51
52</manifest>